<?xml version="1.0" encoding="UTF-8"?>
<!-- Generated by org.testng.reporters.JUnitReportReporter -->
<testsuite hostname="Prat" failures="0" tests="1" name="TestRunner.CucumberTestRunner" time="3.460" errors="0" timestamp="2024-03-23T19:03:42 IST" skipped="0">
  <testcase classname="TestRunner.CucumberTestRunner" name="runScenario" time="3.460"/>
</testsuite> <!-- TestRunner.CucumberTestRunner -->
