<?xml version="1.0" encoding="UTF-8"?>
<!-- Generated by org.testng.reporters.JUnitReportReporter -->
<testsuite hostname="Prat" failures="0" tests="2" name="TestRunner.CucumberTestRunnerForTags" time="0.008" errors="0" timestamp="2024-03-24T17:58:42 IST" skipped="0">
  <testcase classname="TestRunner.CucumberTestRunnerForTags" name="runScenario" time="0.004"/>
  <testcase classname="TestRunner.CucumberTestRunnerForTags" name="runScenario" time="0.004"/>
</testsuite> <!-- TestRunner.CucumberTestRunnerForTags -->
