<?xml version="1.0" encoding="UTF-8"?>
<!-- Generated by org.testng.reporters.JUnitReportReporter -->
<testsuite hostname="Prat" failures="0" tests="1" name="TestRunner.CucumberTestRunner" time="4.198" errors="0" timestamp="2024-03-24T17:58:42 IST" skipped="0">
  <testcase classname="TestRunner.CucumberTestRunner" name="runScenario" time="4.198"/>
</testsuite> <!-- TestRunner.CucumberTestRunner -->
